{"uuid":"7c8e6fd1-1958-4762-b378-a0244e2ec44e","historyId":"2661bb4a5b931013ffde6271b0f70773","fullName":"com.usga.qa.tests.AndroidPlayerSearch.setup","labels":[{"name":"package","value":"com.usga.qa.tests.AndroidPlayerSearch"},{"name":"testClass","value":"com.usga.qa.tests.AndroidPlayerSearch"},{"name":"testMethod","value":"setup"},{"name":"parentSuite","value":"Suite"},{"name":"suite","value":"Test"},{"name":"subSuite","value":"com.usga.qa.tests.AndroidPlayerSearch"},{"name":"host","value":"USBLRSOMEGHANA1"},{"name":"thread","value":"19033@USBLRSOMEGHANA1.TestNG-test=Test-1(39)"},{"name":"framework","value":"testng"},{"name":"language","value":"java"},{"name":"AS_ID","value":"-1"}],"links":[],"name":"setup","status":"broken","statusDetails":{"known":false,"muted":false,"flaky":false,"message":"The local appium server has not been started. The given Node.js executable: /usr/local/bin/node Arguments: [/usr/local/lib/node_modules/appium/lib/main.js, --port, 4723, --address, 127.0.0.1, --log, /Users/someghana/eclipse-workspace/AppiumTestngUSGAProject/AppiumProject/Appiumlog.txt, --log-level, debug, --base-path, /wd/hub/, --session-override] \nProcess output: (node:19035) Warning: To load an ES module, set \"type\": \"module\" in the package.json or use the .mjs extension.\n(Use `node --trace-warnings ...` to show where the warning was created)\n/usr/local/lib/node_modules/appium/lib/main.js:4\nimport { init as logsinkInit, clear as logsinkClear } from './logsink';\n^^^^^^\n\nSyntaxError: Cannot use import statement outside a module\n    at internalCompileFunction (node:internal/vm:73:18)\n    at wrapSafe (node:internal/modules/cjs/loader:1176:20)\n    at Module._compile (node:internal/modules/cjs/loader:1218:27)\n    at Module._extensions..js (node:internal/modules/cjs/loader:1308:10)\n    at Module.load (node:internal/modules/cjs/loader:1117:32)\n    at Module._load (node:internal/modules/cjs/loader:958:12)\n    at Function.executeUserEntryPoint [as runMain] (node:internal/modules/run_main:81:12)\n    at node:internal/main/run_main_module:23:47\n\nNode.js v18.16.0\n\n","trace":"io.appium.java_client.service.local.AppiumServerHasNotBeenStartedLocallyException: The local appium server has not been started. The given Node.js executable: /usr/local/bin/node Arguments: [/usr/local/lib/node_modules/appium/lib/main.js, --port, 4723, --address, 127.0.0.1, --log, /Users/someghana/eclipse-workspace/AppiumTestngUSGAProject/AppiumProject/Appiumlog.txt, --log-level, debug, --base-path, /wd/hub/, --session-override] \nProcess output: (node:19035) Warning: To load an ES module, set \"type\": \"module\" in the package.json or use the .mjs extension.\n(Use `node --trace-warnings ...` to show where the warning was created)\n/usr/local/lib/node_modules/appium/lib/main.js:4\nimport { init as logsinkInit, clear as logsinkClear } from './logsink';\n^^^^^^\n\nSyntaxError: Cannot use import statement outside a module\n    at internalCompileFunction (node:internal/vm:73:18)\n    at wrapSafe (node:internal/modules/cjs/loader:1176:20)\n    at Module._compile (node:internal/modules/cjs/loader:1218:27)\n    at Module._extensions..js (node:internal/modules/cjs/loader:1308:10)\n    at Module.load (node:internal/modules/cjs/loader:1117:32)\n    at Module._load (node:internal/modules/cjs/loader:958:12)\n    at Function.executeUserEntryPoint [as runMain] (node:internal/modules/run_main:81:12)\n    at node:internal/main/run_main_module:23:47\n\nNode.js v18.16.0\n\n\n\tat io.appium.java_client.service.local.AppiumDriverLocalService.start(AppiumDriverLocalService.java:191)\n\tat com.usga.qa.base.BaseClass.startServer(BaseClass.java:123)\n\tat com.usga.qa.base.BaseClass.androidinitialization(BaseClass.java:60)\n\tat com.usga.qa.tests.AndroidPlayerSearch.setup(AndroidPlayerSearch.java:32)\n\tat java.base/jdk.internal.reflect.DirectMethodHandleAccessor.invoke(DirectMethodHandleAccessor.java:104)\n\tat java.base/java.lang.reflect.Method.invoke(Method.java:578)\n\tat org.testng.internal.invokers.MethodInvocationHelper.invokeMethod(MethodInvocationHelper.java:139)\n\tat org.testng.internal.invokers.MethodInvocationHelper.invokeMethodConsideringTimeout(MethodInvocationHelper.java:69)\n\tat org.testng.internal.invokers.ConfigInvoker.invokeConfigurationMethod(ConfigInvoker.java:361)\n\tat org.testng.internal.invokers.ConfigInvoker.invokeConfigurations(ConfigInvoker.java:296)\n\tat org.testng.internal.invokers.TestMethodWorker.invokeBeforeClassMethods(TestMethodWorker.java:180)\n\tat org.testng.internal.invokers.TestMethodWorker.run(TestMethodWorker.java:122)\n\tat java.base/java.util.concurrent.ThreadPoolExecutor.runWorker(ThreadPoolExecutor.java:1144)\n\tat java.base/java.util.concurrent.ThreadPoolExecutor$Worker.run(ThreadPoolExecutor.java:642)\n\tat java.base/java.lang.Thread.run(Thread.java:1589)\nCaused by: org.openqa.selenium.net.UrlChecker$TimeoutException: Timed out waiting for [http://127.0.0.1:4723/wd/hub/status] to be available after 20003 ms\n\tat org.openqa.selenium.net.UrlChecker.waitUntilAvailable(UrlChecker.java:89)\n\tat io.appium.java_client.service.local.AppiumDriverLocalService.ping(AppiumDriverLocalService.java:156)\n\tat io.appium.java_client.service.local.AppiumDriverLocalService.start(AppiumDriverLocalService.java:178)\n\t... 14 more\nCaused by: java.util.concurrent.TimeoutException\n\tat java.base/java.util.concurrent.FutureTask.get(FutureTask.java:204)\n\tat org.openqa.selenium.net.UrlChecker.waitUntilAvailable(UrlChecker.java:87)\n\t... 16 more\n"},"stage":"finished","steps":[],"attachments":[],"parameters":[],"start":1686739417580,"stop":1686739417582}